<?xml version="1.0" encoding="UTF-8"?>
<!-- Generated by org.testng.reporters.JUnitXMLReporter -->
<testsuite hostname="Anjani-window-10" name="CRMAutomation" tests="9" failures="0" timestamp="10 May 2019 22:12:08 GMT" time="167.281" errors="0">
  <testcase name="loginPageValidateTitleTest" time="0.024" classname="com.crm.qa.tests.LoginPageTest"/>
  <testcase name="crmLogoImgageTest" time="0.064" classname="com.crm.qa.tests.LoginPageTest"/>
  <testcase name="loginTest" time="8.872" classname="com.crm.qa.tests.LoginPageTest"/>
  <testcase name="verifyHomePageTitleTest" time="0.32" classname="com.crm.qa.tests.HomePageTest"/>
  <testcase name="verifyUserNameTest" time="0.128" classname="com.crm.qa.tests.HomePageTest"/>
  <testcase name="verifyContactLinkTest" time="1.562" classname="com.crm.qa.tests.HomePageTest"/>
  <testcase name="verifyContactLevelTest" time="0.064" classname="com.crm.qa.tests.ContactPageTest"/>
  <testcase name="selectsingleContactTest" time="0.208" classname="com.crm.qa.tests.ContactPageTest"/>
  <testcase name="selectMultipleContactTest" time="0.292" classname="com.crm.qa.tests.ContactPageTest"/>
</testsuite> <!-- CRMAutomation -->
